<?xml version="1.0" encoding="UTF-8"?>
<!-- Generated by org.testng.reporters.JUnitReportReporter -->
<testsuite hostname="subair" failures="0" tests="1" name="smoke_test.Covid_TC" time="26.440" errors="0" timestamp="2024-11-09T15:36:55 IST" skipped="0">
  <testcase classname="smoke_test.Covid_TC" name="verify_url" time="26.440"/>
  <system-out/>
</testsuite> <!-- smoke_test.Covid_TC -->
