<?xml version="1.0" encoding="UTF-8"?>
<!-- Generated by org.testng.reporters.JUnitReportReporter -->
<testsuite hostname="subair" failures="0" tests="1" name="Smoke_Test.covid_page" time="21.911" errors="0" timestamp="2024-11-09T15:18:15 IST" skipped="0">
  <testcase classname="Smoke_Test.covid_page" name="verify_url" time="21.911"/>
  <system-out/>
</testsuite> <!-- Smoke_Test.covid_page -->
